<?xml version="1.0" encoding="utf-8"?><testsuites name="pytest tests"><testsuite name="pytest" errors="0" failures="0" skipped="0" tests="21" time="5.169" timestamp="2026-03-18T22:30:39.056024+00:00" hostname="agent-env-c5377843-bdd4-4e09-810e-70e53bfcbb21"><testcase classname="backend.tests.test_v3_item_features.TestUnitsOfMeasure" name="test_units_of_measure_endpoint" time="0.187" /><testcase classname="backend.tests.test_v3_item_features.TestCompanySetup" name="test_create_company_with_admin" time="0.538" /><testcase classname="backend.tests.test_v3_item_features.TestSectionCreation" name="test_create_test_section" time="0.194" /><testcase classname="backend.tests.test_v3_item_features.TestUnitCreation" name="test_create_test_units" time="0.307" /><testcase classname="backend.tests.test_v3_item_features.TestItemBasicCreation" name="test_create_item_basic" time="0.161" /><testcase classname="backend.tests.test_v3_item_features.TestNewUnitsOfMeasureInItems" name="test_create_item_with_bottle" time="0.171" /><testcase classname="backend.tests.test_v3_item_features.TestNewUnitsOfMeasureInItems" name="test_create_item_with_bucket" time="0.355" /><testcase classname="backend.tests.test_v3_item_features.TestNewUnitsOfMeasureInItems" name="test_create_item_with_can" time="0.164" /><testcase classname="backend.tests.test_v3_item_features.TestNewUnitsOfMeasureInItems" name="test_create_item_with_bag" time="0.139" /><testcase classname="backend.tests.test_v3_item_features.TestNewUnitsOfMeasureInItems" name="test_create_item_with_pack" time="0.164" /><testcase classname="backend.tests.test_v3_item_features.TestMinimumStockByDay" name="test_create_item_with_minimum_stock_by_day" time="0.160" /><testcase classname="backend.tests.test_v3_item_features.TestMinimumStockByDay" name="test_update_item_minimum_stock_by_day" time="0.150" /><testcase classname="backend.tests.test_v3_item_features.TestMinimumStockByDay" name="test_item_with_null_minimum_stock_by_day" time="0.135" /><testcase classname="backend.tests.test_v3_item_features.TestItemVisibility" name="test_create_item_visible_in_specific_units" time="0.311" /><testcase classname="backend.tests.test_v3_item_features.TestItemVisibility" name="test_create_item_visible_in_all_units" time="0.214" /><testcase classname="backend.tests.test_v3_item_features.TestItemVisibility" name="test_get_items_filtered_by_unit" time="0.165" /><testcase classname="backend.tests.test_v3_item_features.TestDuplicateItemPrevention" name="test_duplicate_item_same_name_section_unit" time="0.321" /><testcase classname="backend.tests.test_v3_item_features.TestDuplicateItemPrevention" name="test_same_name_different_section_allowed" time="0.526" /><testcase classname="backend.tests.test_v3_item_features.TestDuplicateItemPrevention" name="test_same_name_different_unit_of_measure_allowed" time="0.300" /><testcase classname="backend.tests.test_v3_item_features.TestItemUpdate" name="test_update_item_with_all_new_fields" time="0.296" /><testcase classname="backend.tests.test_v3_item_features.TestExistingItemsIntegrity" name="test_get_all_items" time="0.150" /></testsuite></testsuites>